2013-03-17 07:34:26,006 [Worker-6] INFO  o.e.m.c.i.i.nexus.NexusIndexManager - Updating index for repository: central|http://repo.maven.apache.org/maven2
2013-03-17 07:34:26,252 [Worker-6] INFO  c.n.h.c.p.n.NettyAsyncHttpProvider - Number of application's worked threads is 16
2013-03-17 07:34:55,592 [Worker-6] INFO  o.e.m.c.i.i.nexus.NexusIndexManager - Updated index for repository: central|http://repo.maven.apache.org/maven2 in 29641 ms
2013-03-17 07:34:56,611 [Worker-8] INFO  o.e.m.c.i.l.LifecycleMappingFactory - Using org.maven.ide.eclipse.wtp.WarLifecycleMapping lifecycle mapping for MavenProject: com.gaoshin.onsalelocal:safeway:0.0.1-SNAPSHOT @ /Users/kzhang/Sites/git/data-import/safeway/pom.xml.
2013-03-17 07:34:56,825 [Worker-8] WARN  o.e.m.c.i.embedder.EclipseLogger - The POM for rome:rome:jar:0.9 is invalid, transitive dependencies (if any) will not be available, enable debug logging for more details
2013-03-17 07:34:57,453 [Worker-8] WARN  o.e.m.c.i.embedder.EclipseLogger - The artifact xerces:xerces:jar:2.4.0 has been relocated to xerces:xercesImpl:jar:2.4.0
2013-03-17 07:34:58,321 [Worker-8] WARN  o.e.m.c.i.embedder.EclipseLogger - The POM for rome:rome:jar:0.9 is invalid, transitive dependencies (if any) will not be available, enable debug logging for more details
2013-03-17 07:34:58,941 [Worker-8] WARN  o.e.m.c.i.embedder.EclipseLogger - The artifact xerces:xerces:jar:2.4.0 has been relocated to xerces:xercesImpl:jar:2.4.0
2013-03-17 07:34:59,434 [Worker-8] INFO  o.e.m.c.i.embedder.EclipseLogger - Using 'UTF-8' encoding to copy filtered resources.
2013-03-17 07:34:59,451 [Worker-8] INFO  o.e.m.c.i.embedder.EclipseLogger - Copying 34 resources
2013-03-17 07:34:59,479 [Worker-8] INFO  o.e.m.c.i.embedder.EclipseLogger - Using 'UTF-8' encoding to copy filtered resources.
2013-03-17 07:34:59,480 [Worker-8] INFO  o.e.m.c.i.embedder.EclipseLogger - Copying 1 resource
2013-03-17 07:35:07,937 [Worker-12] INFO  o.e.m.c.i.embedder.EclipseLogger - Using 'UTF-8' encoding to copy filtered resources.
2013-03-17 07:35:07,947 [Worker-12] INFO  o.e.m.c.i.embedder.EclipseLogger - Copying 34 resources
2013-03-17 07:35:07,969 [Worker-12] INFO  o.e.m.c.i.embedder.EclipseLogger - Using 'UTF-8' encoding to copy filtered resources.
2013-03-17 07:35:07,970 [Worker-12] INFO  o.e.m.c.i.embedder.EclipseLogger - Copying 1 resource
2013-03-17 07:35:39,994 [Worker-7] INFO  o.e.m.c.i.embedder.EclipseLogger - Using 'UTF-8' encoding to copy filtered resources.
2013-03-17 07:35:39,994 [Worker-7] INFO  o.e.m.c.i.embedder.EclipseLogger - Copying 0 resource
2013-03-17 07:35:39,996 [Worker-7] INFO  o.e.m.c.i.embedder.EclipseLogger - Using 'UTF-8' encoding to copy filtered resources.
2013-03-17 07:35:39,996 [Worker-7] INFO  o.e.m.c.i.embedder.EclipseLogger - Copying 0 resource
2013-03-17 07:35:54,381 [Worker-13] INFO  o.e.m.c.i.embedder.EclipseLogger - Using 'UTF-8' encoding to copy filtered resources.
2013-03-17 07:35:54,381 [Worker-13] INFO  o.e.m.c.i.embedder.EclipseLogger - Copying 0 resource
2013-03-17 07:35:54,382 [Worker-13] INFO  o.e.m.c.i.embedder.EclipseLogger - Using 'UTF-8' encoding to copy filtered resources.
2013-03-17 07:35:54,383 [Worker-13] INFO  o.e.m.c.i.embedder.EclipseLogger - Copying 0 resource
